<?xml version="1.0" encoding="UTF-8"?>
<testsuite name="cscie55.hw4.ThreadsTest" time="26.627" tests="9" errors="0" skipped="0" failures="0">
  <properties>
[...]
</properties>
  <testcase name="testPerformance" classname="cscie55.hw4.ThreadsTest" time="26.625"/>
  <testcase name="testZeroWithdrawal" classname="cscie55.hw4.ThreadsTest" time="0"/>
  <testcase name="testDuplicateAccounts" classname="cscie55.hw4.ThreadsTest" time="0"/>
  <testcase name="testZeroDeposit" classname="cscie55.hw4.ThreadsTest" time="0.001"/>
  <testcase name="testInsufficientFundsWithdrawal" classname="cscie55.hw4.ThreadsTest" time="0"/>
  <testcase name="testNegativeWithdrawal" classname="cscie55.hw4.ThreadsTest" time="0.001"/>
  <testcase name="testPositiveDeposit" classname="cscie55.hw4.ThreadsTest" time="0"/>
  <testcase name="testNegativeDeposit" classname="cscie55.hw4.ThreadsTest" time="0"/>
  <testcase name="testPositiveWithdrawal" classname="cscie55.hw4.ThreadsTest" time="0"/>
</testsuite>